
Showing logs for build [32mcb-kubecd-bdd-gh-1583801821-pr-9fw5r-1[0m stage [32mfrom-build-pack[0m and container [32mstep-credential-initializer-mtpsx[0m
{"level":"warn","ts":1583803429.053793,"logger":"fallback-logger","caller":"logging/config.go:69","msg":"Fetch GitHub commit ID from kodata failed: \"ref: refs/heads/0.8.0-**-support-backwards-incompats\" is not a valid GitHub commit ID"}
{"level":"info","ts":1583803429.0544376,"logger":"fallback-logger","caller":"creds-init/main.go:40","msg":"Credentials initialized."}

Showing logs for build [32mcb-kubecd-bdd-gh-1583801821-pr-9fw5r-1[0m stage [32mfrom-build-pack[0m and container [32mstep-working-dir-initializer-ng82p[0m
{"level":"warn","ts":1583803430.1329608,"logger":"fallback-logger","caller":"logging/config.go:69","msg":"Fetch GitHub commit ID from kodata failed: open /var/run/ko/HEAD: no such file or directory"}
{"level":"info","ts":1583803430.1397288,"logger":"fallback-logger","caller":"bash/main.go:64","msg":"Successfully executed command \"sh -c mkdir -p /workspace/source\"; output "}

Showing logs for build [32mcb-kubecd-bdd-gh-1583801821-pr-9fw5r-1[0m stage [32mfrom-build-pack[0m and container [32mstep-place-tools[0m

Showing logs for build [32mcb-kubecd-bdd-gh-1583801821-pr-9fw5r-1[0m stage [32mfrom-build-pack[0m and container [32mstep-git-source-cb-kubecd-bdd-gh-1583801821-pr-9fw5r-pcfxm[0m
{"level":"warn","ts":1583803436.3130107,"logger":"fallback-logger","caller":"logging/config.go:69","msg":"Fetch GitHub commit ID from kodata failed: \"ref: refs/heads/0.8.0-**-support-backwards-incompats\" is not a valid GitHub commit ID"}
{"level":"info","ts":1583803437.3574216,"logger":"fallback-logger","caller":"git/git.go:103","msg":"Successfully cloned https://github.com/cb-kubecd/bdd-gh-1583801821.git @ master in path /workspace/source"}

Showing logs for build [32mcb-kubecd-bdd-gh-1583801821-pr-9fw5r-1[0m stage [32mfrom-build-pack[0m and container [32mstep-git-merge[0m
Using SHAs from PULL_REFS=master:47a992f05ba52f60ff3b21dd24cfdd0378b17c8b,1:cce1e22ecb7259b3fd42bdd45e2f12fd3fd185e1
DEBUG: LC_ALL=C JX_LOG_LEVEL=error git fetch origin --unshallow cce1e22ecb7259b3fd42bdd45e2f12fd3fd185e1: 47a992f05ba52f60ff3b21dd24cfdd0378b17c8b:
DEBUG: ran git fetch --unshallow origin cce1e22ecb7259b3fd42bdd45e2f12fd3fd185e1: 47a992f05ba52f60ff3b21dd24cfdd0378b17c8b: in 
DEBUG: LC_ALL=C JX_LOG_LEVEL=error git branch
DEBUG: LC_ALL=C JX_LOG_LEVEL=error git checkout master
DEBUG: ran git checkout master in 
DEBUG: LC_ALL=C JX_LOG_LEVEL=error git reset --hard 47a992f05ba52f60ff3b21dd24cfdd0378b17c8b
DEBUG: ran git reset --hard 47a992f05ba52f60ff3b21dd24cfdd0378b17c8b in 
DEBUG: LC_ALL=C JX_LOG_LEVEL=error git clean -fd .
DEBUG: ran clean --force -d . in 
DEBUG: LC_ALL=C JX_LOG_LEVEL=error git merge cce1e22ecb7259b3fd42bdd45e2f12fd3fd185e1
DEBUG: ran git merge cce1e22ecb7259b3fd42bdd45e2f12fd3fd185e1 in 
DEBUG: JX_LOG_LEVEL=error LC_ALL=C git log --format=%H%x1f%an%x1f%ae%x1f%cn%x1f%ce%x1f%s%n%b%x1e 47a992f05ba52f60ff3b21dd24cfdd0378b17c8b..HEAD
Merged SHA cce1e22ecb7259b3fd42bdd45e2f12fd3fd185e1 with commit message 'My first PR commit' into base branch master

Showing logs for build [32mcb-kubecd-bdd-gh-1583801821-pr-9fw5r-1[0m stage [32mfrom-build-pack[0m and container [32mstep-build-make-linux[0m
CGO_ENABLED=0 GOOS=linux GOARCH=amd64 GO15VENDOREXPERIMENT=1 go build -ldflags '' -o bin/bdd-gh-1583801821 main.go

Showing logs for build [32mcb-kubecd-bdd-gh-1583801821-pr-9fw5r-1[0m stage [32mfrom-build-pack[0m and container [32mstep-build-container-build[0m
[36mINFO[0m[0000] No base image, nothing to extract            
[36mINFO[0m[0000] cmd: EXPOSE                                  
[36mINFO[0m[0000] Adding exposed port: 8080/tcp                
[36mINFO[0m[0000] Using files from context: [/workspace/source/bin] 
[36mINFO[0m[0000] Skipping unpacking as no commands require it. 
[36mINFO[0m[0000] Taking snapshot of full filesystem...        
[36mINFO[0m[0000] EXPOSE 8080                                  
[36mINFO[0m[0000] cmd: EXPOSE                                  
[36mINFO[0m[0000] Adding exposed port: 8080/tcp                
[36mINFO[0m[0000] No files changed in this command, skipping snapshotting. 
[36mINFO[0m[0000] ENTRYPOINT ["/bdd-gh-1583801821"]            
[36mINFO[0m[0000] No files changed in this command, skipping snapshotting. 
[36mINFO[0m[0000] Using files from context: [/workspace/source/bin] 
[36mINFO[0m[0000] COPY ./bin/ /                                
[36mINFO[0m[0000] Taking snapshot of files...                  
2020/03/10 01:24:13 pushed blob: sha256:de819f47d873b3d9f54feb8d6eb358afb3a1c3c659376420577d4440c6e5a1c0
2020/03/10 01:24:14 pushed blob: sha256:483e10f497618000bd9104ace0b83c346ecd43f8834bc7c1ae5918ee155a9ecd
2020/03/10 01:24:16 gcr.io/jenkins-x-bdd3/bdd-gh-1583801821:0.0.0-SNAPSHOT-PR-1-1: digest: sha256:60ea915e5a2ef42a5a6846d35765a52185e1e0c959e692ab55d6c4f01b904a6c size: 428

Showing logs for build [32mcb-kubecd-bdd-gh-1583801821-pr-9fw5r-1[0m stage [32mfrom-build-pack[0m and container [32mstep-postbuild-post-build[0m
no CVE provider running in the current ** namespace so skip adding image to be analysed

Showing logs for build [32mcb-kubecd-bdd-gh-1583801821-pr-9fw5r-1[0m stage [32mfrom-build-pack[0m and container [32mstep-promote-make-preview[0m
sed -i -e "s/version:.*/version: 0.0.0-SNAPSHOT-PR-1-1/" Chart.yaml
sed -i -e "s/version:.*/version: 0.0.0-SNAPSHOT-PR-1-1/" ../*/Chart.yaml
sed -i -e "s|repository:.*|repository: gcr.io\/jenkins-x-bdd3\/bdd-gh-1583801821|" values.yaml
sed -i -e "s/tag:.*/tag: 0.0.0-SNAPSHOT-PR-1-1/" values.yaml
echo "  version: 0.0.0-SNAPSHOT-PR-1-1" >> requirements.yaml
** step helm build
WARNING: No $CHART_REPOSITORY defined so using the default value of: http://jenkins-x-chartmuseum:8080
Adding missing Helm repo: storage.googleapis.com https://storage.googleapis.com/chartmuseum.jenkins-x.io
WARNING: No secrets found on "helm/repos" due: reading the secret "helm/repos" from vault: no secret "helm/repos" not found in vault
Read credentials for https://storage.googleapis.com/chartmuseum.jenkins-x.io from vault helm/repos
Successfully added Helm repository storage.googleapis.com.
Adding missing Helm repo: jenkins-x-chartmuseum http://jenkins-x-chartmuseum:8080
WARNING: No secrets found on "helm/repos" due: reading the secret "helm/repos" from vault: no secret "helm/repos" not found in vault
Read credentials for http://jenkins-x-chartmuseum:8080 from vault helm/repos
Successfully added Helm repository jenkins-x-chartmuseum.
WARNING: No $CHART_REPOSITORY defined so using the default value of: http://jenkins-x-chartmuseum:8080
Adding missing Helm repo: chartmuseum.jenkins-x.io http://chartmuseum.jenkins-x.io
WARNING: No secrets found on "helm/repos" due: reading the secret "helm/repos" from vault: no secret "helm/repos" not found in vault
Read credentials for http://chartmuseum.jenkins-x.io from vault helm/repos
Successfully added Helm repository chartmuseum.jenkins-x.io.

Showing logs for build [32mcb-kubecd-bdd-gh-1583801821-pr-9fw5r-1[0m stage [32mfrom-build-pack[0m and container [32mstep-promote-jx-preview[0m
Creating a preview
Created environment cb-kubecd-bdd-gh-1583801821-pr-1
Namespace **-cb-kubecd-bdd-gh-1583801821-pr-1 created 
expose:
  Annotations:
    helm.sh/hook: post-install,post-upgrade
    helm.sh/hook-delete-policy: hook-succeeded
  config:
    domain: c**d6.bdd.jenkins-x.rocks
    exposer: Ingress
    http: "true"
preview:
  image:
    repository: gcr.io/jenkins-x-bdd3/bdd-gh-1583801821
    tag: 0.0.0-SNAPSHOT-PR-1-1

Updating PipelineActivities cb-kubecd-bdd-gh-1583801821-pr-1-1 which has status Running
WARNING: preview application http://bdd-gh-1583801821.**-cb-kubecd-bdd-gh-1583801821-pr-1.c**d6.bdd.jenkins-x.rocks not available, error was Get http://bdd-gh-1583801821.**-cb-kubecd-bdd-gh-1583801821-pr-1.c**d6.bdd.jenkins-x.rocks: dial tcp: lookup bdd-gh-1583801821.**-cb-kubecd-bdd-gh-1583801821-pr-1.c**d6.bdd.jenkins-x.rocks on 10.71.240.10:53: no such host, delaying for: 1.283034974s
WARNING: preview application http://bdd-gh-1583801821.**-cb-kubecd-bdd-gh-1583801821-pr-1.c**d6.bdd.jenkins-x.rocks not available, error was Get http://bdd-gh-1583801821.**-cb-kubecd-bdd-gh-1583801821-pr-1.c**d6.bdd.jenkins-x.rocks: dial tcp: lookup bdd-gh-1583801821.**-cb-kubecd-bdd-gh-1583801821-pr-1.c**d6.bdd.jenkins-x.rocks on 10.71.240.10:53: no such host, delaying for: 956.706092ms
WARNING: preview application http://bdd-gh-1583801821.**-cb-kubecd-bdd-gh-1583801821-pr-1.c**d6.bdd.jenkins-x.rocks not available, error was Get http://bdd-gh-1583801821.**-cb-kubecd-bdd-gh-1583801821-pr-1.c**d6.bdd.jenkins-x.rocks: dial tcp: lookup bdd-gh-1583801821.**-cb-kubecd-bdd-gh-1583801821-pr-1.c**d6.bdd.jenkins-x.rocks on 10.71.240.10:53: no such host, delaying for: 1.345569468s
WARNING: preview application http://bdd-gh-1583801821.**-cb-kubecd-bdd-gh-1583801821-pr-1.c**d6.bdd.jenkins-x.rocks not available, error was Get http://bdd-gh-1583801821.**-cb-kubecd-bdd-gh-1583801821-pr-1.c**d6.bdd.jenkins-x.rocks: dial tcp: lookup bdd-gh-1583801821.**-cb-kubecd-bdd-gh-1583801821-pr-1.c**d6.bdd.jenkins-x.rocks on 10.71.240.10:53: no such host, delaying for: 4.050971572s
WARNING: preview application http://bdd-gh-1583801821.**-cb-kubecd-bdd-gh-1583801821-pr-1.c**d6.bdd.jenkins-x.rocks not available, error was Get http://bdd-gh-1583801821.**-cb-kubecd-bdd-gh-1583801821-pr-1.c**d6.bdd.jenkins-x.rocks: dial tcp: lookup bdd-gh-1583801821.**-cb-kubecd-bdd-gh-1583801821-pr-1.c**d6.bdd.jenkins-x.rocks on 10.71.240.10:53: no such host, delaying for: 2.640264778s
WARNING: preview application http://bdd-gh-1583801821.**-cb-kubecd-bdd-gh-1583801821-pr-1.c**d6.bdd.jenkins-x.rocks not available, error was Get http://bdd-gh-1583801821.**-cb-kubecd-bdd-gh-1583801821-pr-1.c**d6.bdd.jenkins-x.rocks: dial tcp: lookup bdd-gh-1583801821.**-cb-kubecd-bdd-gh-1583801821-pr-1.c**d6.bdd.jenkins-x.rocks on 10.71.240.10:53: no such host, delaying for: 7.589083593s
WARNING: preview application http://bdd-gh-1583801821.**-cb-kubecd-bdd-gh-1583801821-pr-1.c**d6.bdd.jenkins-x.rocks not available, error was Get http://bdd-gh-1583801821.**-cb-kubecd-bdd-gh-1583801821-pr-1.c**d6.bdd.jenkins-x.rocks: dial tcp: lookup bdd-gh-1583801821.**-cb-kubecd-bdd-gh-1583801821-pr-1.c**d6.bdd.jenkins-x.rocks on 10.71.240.10:53: no such host, delaying for: 6.520544564s
WARNING: preview application http://bdd-gh-1583801821.**-cb-kubecd-bdd-gh-1583801821-pr-1.c**d6.bdd.jenkins-x.rocks not available, error was Get http://bdd-gh-1583801821.**-cb-kubecd-bdd-gh-1583801821-pr-1.c**d6.bdd.jenkins-x.rocks: dial tcp: lookup bdd-gh-1583801821.**-cb-kubecd-bdd-gh-1583801821-pr-1.c**d6.bdd.jenkins-x.rocks on 10.71.240.10:53: no such host, delaying for: 10.199180659s
WARNING: preview application http://bdd-gh-1583801821.**-cb-kubecd-bdd-gh-1583801821-pr-1.c**d6.bdd.jenkins-x.rocks not available, error was Get http://bdd-gh-1583801821.**-cb-kubecd-bdd-gh-1583801821-pr-1.c**d6.bdd.jenkins-x.rocks: dial tcp: lookup bdd-gh-1583801821.**-cb-kubecd-bdd-gh-1583801821-pr-1.c**d6.bdd.jenkins-x.rocks on 10.71.240.10:53: no such host, delaying for: 37.600023335s
WARNING: preview application http://bdd-gh-1583801821.**-cb-kubecd-bdd-gh-1583801821-pr-1.c**d6.bdd.jenkins-x.rocks not available, error was Get http://bdd-gh-1583801821.**-cb-kubecd-bdd-gh-1583801821-pr-1.c**d6.bdd.jenkins-x.rocks: dial tcp: lookup bdd-gh-1583801821.**-cb-kubecd-bdd-gh-1583801821-pr-1.c**d6.bdd.jenkins-x.rocks on 10.71.240.10:53: no such host, delaying for: 35.856053632s
WARNING: preview application http://bdd-gh-1583801821.**-cb-kubecd-bdd-gh-1583801821-pr-1.c**d6.bdd.jenkins-x.rocks not available, error was Get http://bdd-gh-1583801821.**-cb-kubecd-bdd-gh-1583801821-pr-1.c**d6.bdd.jenkins-x.rocks: dial tcp: lookup bdd-gh-1583801821.**-cb-kubecd-bdd-gh-1583801821-pr-1.c**d6.bdd.jenkins-x.rocks on 10.71.240.10:53: no such host, delaying for: 29.275456602s
Preview application is now available at: http://bdd-gh-1583801821.**-cb-kubecd-bdd-gh-1583801821-pr-1.c**d6.bdd.jenkins-x.rocks
